{"uuid":"b378b408-55d9-4ab7-8dd4-1de9cd5f5525","historyId":"ab147d8b16407f566e69c3374d781a0","fullName":"tests.TopUpCardTests.test1","labels":[{"name":"package","value":"tests.TopUpCardTests"},{"name":"testClass","value":"tests.TopUpCardTests"},{"name":"testMethod","value":"test1"},{"name":"parentSuite","value":"Gradle suite"},{"name":"suite","value":"Gradle test"},{"name":"subSuite","value":"tests.TopUpCardTests"},{"name":"host","value":"MacBook-Pro-3.local"},{"name":"thread","value":"57035@MacBook-Pro-3.local.Test worker(1)"},{"name":"framework","value":"testng"},{"name":"language","value":"java"}],"links":[],"name":"test1","status":"failed","statusDetails":{"known":false,"muted":false,"flaky":false,"message":"Invalid element state [By.xpath: //*[@text='Сума від 1,00 до 29999,00 ₴']]: Cannot set the element to '1'. Did you interact with the correct element?\nScreenshot: file:/Users/mac/IdeaProjects/Android/build/reports/tests/1695231802730.0.png\nPage source: file:/Users/mac/IdeaProjects/Android/build/reports/tests/1695231802730.0.html\nTimeout: 8 s.\nCaused by: InvalidElementStateException: Cannot set the element to '1'. Did you interact with the correct element?","trace":"Invalid element state [By.xpath: //*[@text='Сума від 1,00 до 29999,00 ₴']]: Cannot set the element to '1'. Did you interact with the correct element?\nScreenshot: file:/Users/mac/IdeaProjects/Android/build/reports/tests/1695231802730.0.png\nPage source: file:/Users/mac/IdeaProjects/Android/build/reports/tests/1695231802730.0.html\nTimeout: 8 s.\nCaused by: InvalidElementStateException: Cannot set the element to '1'. Did you interact with the correct element?\n\tat com.codeborne.selenide.impl.ExceptionWrapper.wrap(ExceptionWrapper.java:26)\n\tat com.codeborne.selenide.impl.SelenideElementProxy.dispatchAndRetry(SelenideElementProxy.java:154)\n\tat com.codeborne.selenide.impl.SelenideElementProxy.invoke(SelenideElementProxy.java:84)\n\tat com.sun.proxy.$Proxy17.sendKeys(Unknown Source)\n\tat pageObjects.TopUpCardPage.inputSum(TopUpCardPage.java:45)\n\tat tests.TopUpCardTests.test1(TopUpCardTests.java:38)\n\tat java.base/jdk.internal.reflect.NativeMethodAccessorImpl.invoke0(Native Method)\n\tat java.base/jdk.internal.reflect.NativeMethodAccessorImpl.invoke(NativeMethodAccessorImpl.java:62)\n\tat java.base/jdk.internal.reflect.DelegatingMethodAccessorImpl.invoke(DelegatingMethodAccessorImpl.java:43)\n\tat java.base/java.lang.reflect.Method.invoke(Method.java:566)\n\tat org.testng.internal.invokers.MethodInvocationHelper.invokeMethod(MethodInvocationHelper.java:139)\n\tat org.testng.internal.invokers.TestInvoker.invokeMethod(TestInvoker.java:677)\n\tat org.testng.internal.invokers.TestInvoker.invokeTestMethod(TestInvoker.java:221)\n\tat org.testng.internal.invokers.MethodRunner.runInSequence(MethodRunner.java:50)\n\tat org.testng.internal.invokers.TestInvoker$MethodInvocationAgent.invoke(TestInvoker.java:969)\n\tat org.testng.internal.invokers.TestInvoker.invokeTestMethods(TestInvoker.java:194)\n\tat org.testng.internal.invokers.TestMethodWorker.invokeTestMethods(TestMethodWorker.java:148)\n\tat org.testng.internal.invokers.TestMethodWorker.run(TestMethodWorker.java:128)\n\tat java.base/java.util.ArrayList.forEach(ArrayList.java:1541)\n\tat org.testng.TestRunner.privateRun(TestRunner.java:829)\n\tat org.testng.TestRunner.run(TestRunner.java:602)\n\tat org.testng.SuiteRunner.runTest(SuiteRunner.java:437)\n\tat org.testng.SuiteRunner.runSequentially(SuiteRunner.java:431)\n\tat org.testng.SuiteRunner.privateRun(SuiteRunner.java:391)\n\tat org.testng.SuiteRunner.run(SuiteRunner.java:330)\n\tat org.testng.SuiteRunnerWorker.runSuite(SuiteRunnerWorker.java:52)\n\tat org.testng.SuiteRunnerWorker.run(SuiteRunnerWorker.java:95)\n\tat org.testng.TestNG.runSuitesSequentially(TestNG.java:1256)\n\tat org.testng.TestNG.runSuitesLocally(TestNG.java:1176)\n\tat org.testng.TestNG.runSuites(TestNG.java:1099)\n\tat org.testng.TestNG.run(TestNG.java:1067)\n\tat org.gradle.api.internal.tasks.testing.testng.TestNGTestClassProcessor.runTests(TestNGTestClassProcessor.java:141)\n\tat org.gradle.api.internal.tasks.testing.testng.TestNGTestClassProcessor.stop(TestNGTestClassProcessor.java:90)\n\tat org.gradle.api.internal.tasks.testing.SuiteTestClassProcessor.stop(SuiteTestClassProcessor.java:61)\n\tat java.base/jdk.internal.reflect.NativeMethodAccessorImpl.invoke0(Native Method)\n\tat java.base/jdk.internal.reflect.NativeMethodAccessorImpl.invoke(NativeMethodAccessorImpl.java:62)\n\tat java.base/jdk.internal.reflect.DelegatingMethodAccessorImpl.invoke(DelegatingMethodAccessorImpl.java:43)\n\tat java.base/java.lang.reflect.Method.invoke(Method.java:566)\n\tat org.gradle.internal.dispatch.ReflectionDispatch.dispatch(ReflectionDispatch.java:36)\n\tat org.gradle.internal.dispatch.ReflectionDispatch.dispatch(ReflectionDispatch.java:24)\n\tat org.gradle.internal.dispatch.ContextClassLoaderDispatch.dispatch(ContextClassLoaderDispatch.java:33)\n\tat org.gradle.internal.dispatch.ProxyDispatchAdapter$DispatchingInvocationHandler.invoke(ProxyDispatchAdapter.java:94)\n\tat com.sun.proxy.$Proxy2.stop(Unknown Source)\n\tat org.gradle.api.internal.tasks.testing.worker.TestWorker$3.run(TestWorker.java:193)\n\tat org.gradle.api.internal.tasks.testing.worker.TestWorker.executeAndMaintainThreadName(TestWorker.java:129)\n\tat org.gradle.api.internal.tasks.testing.worker.TestWorker.execute(TestWorker.java:100)\n\tat org.gradle.api.internal.tasks.testing.worker.TestWorker.execute(TestWorker.java:60)\n\tat org.gradle.process.internal.worker.child.ActionExecutionWorker.execute(ActionExecutionWorker.java:56)\n\tat org.gradle.process.internal.worker.child.SystemApplicationClassLoaderWorker.call(SystemApplicationClassLoaderWorker.java:133)\n\tat org.gradle.process.internal.worker.child.SystemApplicationClassLoaderWorker.call(SystemApplicationClassLoaderWorker.java:71)\n\tat worker.org.gradle.process.internal.worker.GradleWorkerMain.run(GradleWorkerMain.java:69)\n\tat worker.org.gradle.process.internal.worker.GradleWorkerMain.main(GradleWorkerMain.java:74)\nCaused by: org.openqa.selenium.InvalidElementStateException: Cannot set the element to '1'. Did you interact with the correct element?\nBuild info: version: '4.9.1', revision: 'eb2032df7f'\nSystem info: os.name: 'Mac OS X', os.arch: 'x86_64', os.version: '13.4.1', java.version: '11.0.15'\nDriver info: io.appium.java_client.android.AndroidDriver\nCommand: [20cbd1e0-bf2d-4bed-9d6e-e2e5700ff8f1, sendKeysToElement {id=00000000-0000-02c3-0000-00c2000000db, value=[Ljava.lang.CharSequence;@3c6fc4cd}]\nCapabilities {appium:app: /Users/mac/IdeaProjects/And..., appium:appPackage: ua.easypay.clientandroid, appium:automationName: uiautomator2, appium:databaseEnabled: false, appium:desired: {app: /Users/mac/IdeaProjects/And..., automationName: uiautomator2, deviceName: Pixel 5 API 30, platformName: ANDROID}, appium:deviceApiLevel: 30, appium:deviceManufacturer: Google, appium:deviceModel: sdk_gphone_arm64, appium:deviceName: emulator-5554, appium:deviceScreenDensity: 440, appium:deviceScreenSize: 1080x2340, appium:deviceUDID: emulator-5554, appium:javascriptEnabled: true, appium:locationContextEnabled: false, appium:networkConnectionEnabled: true, appium:pixelRatio: 2.75, appium:platformVersion: 11, appium:statBarHeight: 66, appium:takesScreenshot: true, appium:viewportRect: {height: 2142, left: 0, top: 66, width: 1080}, appium:warnings: {}, appium:webStorageEnabled: false, platformName: ANDROID}\nElement: [[AndroidDriver:  on ANDROID (20cbd1e0-bf2d-4bed-9d6e-e2e5700ff8f1)] -> xpath: //*[@text='Сума від 1,00 до 29999,00 ₴']]\nSession ID: 20cbd1e0-bf2d-4bed-9d6e-e2e5700ff8f1\n\tat jdk.internal.reflect.GeneratedConstructorAccessor7.newInstance(Unknown Source)\n\tat java.base/jdk.internal.reflect.DelegatingConstructorAccessorImpl.newInstance(DelegatingConstructorAccessorImpl.java:45)\n\tat java.base/java.lang.reflect.Constructor.newInstance(Constructor.java:490)\n\tat org.openqa.selenium.remote.codec.w3c.W3CHttpResponseCodec.createException(W3CHttpResponseCodec.java:200)\n\tat org.openqa.selenium.remote.codec.w3c.W3CHttpResponseCodec.decode(W3CHttpResponseCodec.java:133)\n\tat org.openqa.selenium.remote.codec.w3c.W3CHttpResponseCodec.decode(W3CHttpResponseCodec.java:53)\n\tat org.openqa.selenium.remote.HttpCommandExecutor.execute(HttpCommandExecutor.java:193)\n\tat io.appium.java_client.remote.AppiumCommandExecutor.execute(AppiumCommandExecutor.java:250)\n\tat org.openqa.selenium.remote.RemoteWebDriver.execute(RemoteWebDriver.java:543)\n\tat org.openqa.selenium.remote.RemoteWebElement.execute(RemoteWebElement.java:257)\n\tat org.openqa.selenium.remote.RemoteWebElement.sendKeys(RemoteWebElement.java:113)\n\tat jdk.internal.reflect.GeneratedMethodAccessor1.invoke(Unknown Source)\n\tat java.base/jdk.internal.reflect.DelegatingMethodAccessorImpl.invoke(DelegatingMethodAccessorImpl.java:43)\n\tat java.base/java.lang.reflect.Method.invoke(Method.java:566)\n\tat com.codeborne.selenide.impl.SelenideElementProxy.dispatchAndRetry(SelenideElementProxy.java:135)\n\t... 50 more\n"},"stage":"finished","steps":[{"name":"Click in the 'Input phone' field","status":"passed","stage":"finished","steps":[{"name":"$(\"AppiumBy.className: android.widget.EditText\") should be(visible)","status":"passed","stage":"finished","steps":[],"attachments":[],"parameters":[],"start":1695231781388,"stop":1695231785704},{"name":"$(\"AppiumBy.className: android.widget.EditText\") click()","status":"passed","stage":"finished","steps":[],"attachments":[],"parameters":[],"start":1695231785705,"stop":1695231785809}],"attachments":[],"parameters":[],"start":1695231781382,"stop":1695231785809},{"name":"Input phone number","status":"passed","stage":"finished","steps":[{"name":"$(\"AppiumBy.className: android.widget.EditText\") send keys(999999999)","status":"passed","stage":"finished","steps":[],"attachments":[],"parameters":[],"start":1695231785832,"stop":1695231786546}],"attachments":[],"parameters":[{"name":"phone","value":"999999999"}],"start":1695231785830,"stop":1695231786546},{"name":"Click continue button","status":"passed","stage":"finished","steps":[{"name":"$(\"By.xpath: //*[@text='Продовжити']\") should be(interactable)","status":"passed","stage":"finished","steps":[],"attachments":[],"parameters":[],"start":1695231787555,"stop":1695231787706},{"name":"$(\"By.xpath: //*[@text='Продовжити']\") click()","status":"passed","stage":"finished","steps":[],"attachments":[],"parameters":[],"start":1695231787707,"stop":1695231788593}],"attachments":[],"parameters":[],"start":1695231787552,"stop":1695231788593},{"name":"Input PIN 0000","status":"passed","stage":"finished","steps":[{"name":"$(\"AppiumBy.id: ua.easypay.clientandroid:id/key1\") should be(interactable)","status":"passed","stage":"finished","steps":[],"attachments":[],"parameters":[],"start":1695231788669,"stop":1695231788702},{"name":"$(\"AppiumBy.id: ua.easypay.clientandroid:id/key1\") click()","status":"passed","stage":"finished","steps":[],"attachments":[],"parameters":[],"start":1695231788702,"stop":1695231788791},{"name":"$(\"AppiumBy.id: ua.easypay.clientandroid:id/key1\") should be(interactable)","status":"passed","stage":"finished","steps":[],"attachments":[],"parameters":[],"start":1695231788791,"stop":1695231789311},{"name":"$(\"AppiumBy.id: ua.easypay.clientandroid:id/key1\") click()","status":"passed","stage":"finished","steps":[],"attachments":[],"parameters":[],"start":1695231789312,"stop":1695231789410},{"name":"$(\"AppiumBy.id: ua.easypay.clientandroid:id/key1\") should be(interactable)","status":"passed","stage":"finished","steps":[],"attachments":[],"parameters":[],"start":1695231789410,"stop":1695231789925},{"name":"$(\"AppiumBy.id: ua.easypay.clientandroid:id/key1\") click()","status":"passed","stage":"finished","steps":[],"attachments":[],"parameters":[],"start":1695231789925,"stop":1695231790037},{"name":"$(\"AppiumBy.id: ua.easypay.clientandroid:id/key1\") should be(interactable)","status":"passed","stage":"finished","steps":[],"attachments":[],"parameters":[],"start":1695231790037,"stop":1695231790566},{"name":"$(\"AppiumBy.id: ua.easypay.clientandroid:id/key1\") click()","status":"passed","stage":"finished","steps":[],"attachments":[],"parameters":[],"start":1695231790566,"stop":1695231790660}],"attachments":[],"parameters":[],"start":1695231788669,"stop":1695231790660},{"name":"Click transferToCard button","status":"passed","stage":"finished","steps":[{"name":"$(\"AppiumBy.id: ua.easypay.clientandroid:id/btnNewt\") should be(visible)","status":"passed","stage":"finished","steps":[],"attachments":[],"parameters":[],"start":1695231790681,"stop":1695231793120},{"name":"$(\"AppiumBy.id: ua.easypay.clientandroid:id/btnNewt\") click()","status":"passed","stage":"finished","steps":[],"attachments":[],"parameters":[],"start":1695231793121,"stop":1695231793225}],"attachments":[],"parameters":[],"start":1695231790681,"stop":1695231793225},{"name":"Input cvv","status":"passed","stage":"finished","steps":[{"name":"$(\"By.xpath: //android.widget.EditText[3]\") should be(visible)","status":"passed","stage":"finished","steps":[],"attachments":[],"parameters":[],"start":1695231793254,"stop":1695231794531},{"name":"$(\"By.xpath: //android.widget.EditText[3]\") send keys(000)","status":"passed","stage":"finished","steps":[],"attachments":[],"parameters":[],"start":1695231794531,"stop":1695231794582}],"attachments":[],"parameters":[{"name":"cvv","value":"000"}],"start":1695231793254,"stop":1695231794582},{"name":"Input sum","status":"failed","statusDetails":{"known":false,"muted":false,"flaky":false,"message":"Invalid element state [By.xpath: //*[@text='Сума від 1,00 до 29999,00 ₴']]: Cannot set the element to '1'. Did you interact with the correct element?\nScreenshot: file:/Users/mac/IdeaProjects/Android/build/reports/tests/1695231802730.0.png\nPage source: file:/Users/mac/IdeaProjects/Android/build/reports/tests/1695231802730.0.html\nTimeout: 8 s.\nCaused by: InvalidElementStateException: Cannot set the element to '1'. Did you interact with the correct element?","trace":"Invalid element state [By.xpath: //*[@text='Сума від 1,00 до 29999,00 ₴']]: Cannot set the element to '1'. Did you interact with the correct element?\nScreenshot: file:/Users/mac/IdeaProjects/Android/build/reports/tests/1695231802730.0.png\nPage source: file:/Users/mac/IdeaProjects/Android/build/reports/tests/1695231802730.0.html\nTimeout: 8 s.\nCaused by: InvalidElementStateException: Cannot set the element to '1'. Did you interact with the correct element?\n\tat com.codeborne.selenide.impl.ExceptionWrapper.wrap(ExceptionWrapper.java:26)\n\tat com.codeborne.selenide.impl.SelenideElementProxy.dispatchAndRetry(SelenideElementProxy.java:154)\n\tat com.codeborne.selenide.impl.SelenideElementProxy.invoke(SelenideElementProxy.java:84)\n\tat com.sun.proxy.$Proxy17.sendKeys(Unknown Source)\n\tat pageObjects.TopUpCardPage.inputSum(TopUpCardPage.java:45)\n\tat tests.TopUpCardTests.test1(TopUpCardTests.java:38)\n\tat java.base/jdk.internal.reflect.NativeMethodAccessorImpl.invoke0(Native Method)\n\tat java.base/jdk.internal.reflect.NativeMethodAccessorImpl.invoke(NativeMethodAccessorImpl.java:62)\n\tat java.base/jdk.internal.reflect.DelegatingMethodAccessorImpl.invoke(DelegatingMethodAccessorImpl.java:43)\n\tat java.base/java.lang.reflect.Method.invoke(Method.java:566)\n\tat org.testng.internal.invokers.MethodInvocationHelper.invokeMethod(MethodInvocationHelper.java:139)\n\tat org.testng.internal.invokers.TestInvoker.invokeMethod(TestInvoker.java:677)\n\tat org.testng.internal.invokers.TestInvoker.invokeTestMethod(TestInvoker.java:221)\n\tat org.testng.internal.invokers.MethodRunner.runInSequence(MethodRunner.java:50)\n\tat org.testng.internal.invokers.TestInvoker$MethodInvocationAgent.invoke(TestInvoker.java:969)\n\tat org.testng.internal.invokers.TestInvoker.invokeTestMethods(TestInvoker.java:194)\n\tat org.testng.internal.invokers.TestMethodWorker.invokeTestMethods(TestMethodWorker.java:148)\n\tat org.testng.internal.invokers.TestMethodWorker.run(TestMethodWorker.java:128)\n\tat java.base/java.util.ArrayList.forEach(ArrayList.java:1541)\n\tat org.testng.TestRunner.privateRun(TestRunner.java:829)\n\tat org.testng.TestRunner.run(TestRunner.java:602)\n\tat org.testng.SuiteRunner.runTest(SuiteRunner.java:437)\n\tat org.testng.SuiteRunner.runSequentially(SuiteRunner.java:431)\n\tat org.testng.SuiteRunner.privateRun(SuiteRunner.java:391)\n\tat org.testng.SuiteRunner.run(SuiteRunner.java:330)\n\tat org.testng.SuiteRunnerWorker.runSuite(SuiteRunnerWorker.java:52)\n\tat org.testng.SuiteRunnerWorker.run(SuiteRunnerWorker.java:95)\n\tat org.testng.TestNG.runSuitesSequentially(TestNG.java:1256)\n\tat org.testng.TestNG.runSuitesLocally(TestNG.java:1176)\n\tat org.testng.TestNG.runSuites(TestNG.java:1099)\n\tat org.testng.TestNG.run(TestNG.java:1067)\n\tat org.gradle.api.internal.tasks.testing.testng.TestNGTestClassProcessor.runTests(TestNGTestClassProcessor.java:141)\n\tat org.gradle.api.internal.tasks.testing.testng.TestNGTestClassProcessor.stop(TestNGTestClassProcessor.java:90)\n\tat org.gradle.api.internal.tasks.testing.SuiteTestClassProcessor.stop(SuiteTestClassProcessor.java:61)\n\tat java.base/jdk.internal.reflect.NativeMethodAccessorImpl.invoke0(Native Method)\n\tat java.base/jdk.internal.reflect.NativeMethodAccessorImpl.invoke(NativeMethodAccessorImpl.java:62)\n\tat java.base/jdk.internal.reflect.DelegatingMethodAccessorImpl.invoke(DelegatingMethodAccessorImpl.java:43)\n\tat java.base/java.lang.reflect.Method.invoke(Method.java:566)\n\tat org.gradle.internal.dispatch.ReflectionDispatch.dispatch(ReflectionDispatch.java:36)\n\tat org.gradle.internal.dispatch.ReflectionDispatch.dispatch(ReflectionDispatch.java:24)\n\tat org.gradle.internal.dispatch.ContextClassLoaderDispatch.dispatch(ContextClassLoaderDispatch.java:33)\n\tat org.gradle.internal.dispatch.ProxyDispatchAdapter$DispatchingInvocationHandler.invoke(ProxyDispatchAdapter.java:94)\n\tat com.sun.proxy.$Proxy2.stop(Unknown Source)\n\tat org.gradle.api.internal.tasks.testing.worker.TestWorker$3.run(TestWorker.java:193)\n\tat org.gradle.api.internal.tasks.testing.worker.TestWorker.executeAndMaintainThreadName(TestWorker.java:129)\n\tat org.gradle.api.internal.tasks.testing.worker.TestWorker.execute(TestWorker.java:100)\n\tat org.gradle.api.internal.tasks.testing.worker.TestWorker.execute(TestWorker.java:60)\n\tat org.gradle.process.internal.worker.child.ActionExecutionWorker.execute(ActionExecutionWorker.java:56)\n\tat org.gradle.process.internal.worker.child.SystemApplicationClassLoaderWorker.call(SystemApplicationClassLoaderWorker.java:133)\n\tat org.gradle.process.internal.worker.child.SystemApplicationClassLoaderWorker.call(SystemApplicationClassLoaderWorker.java:71)\n\tat worker.org.gradle.process.internal.worker.GradleWorkerMain.run(GradleWorkerMain.java:69)\n\tat worker.org.gradle.process.internal.worker.GradleWorkerMain.main(GradleWorkerMain.java:74)\nCaused by: org.openqa.selenium.InvalidElementStateException: Cannot set the element to '1'. Did you interact with the correct element?\nBuild info: version: '4.9.1', revision: 'eb2032df7f'\nSystem info: os.name: 'Mac OS X', os.arch: 'x86_64', os.version: '13.4.1', java.version: '11.0.15'\nDriver info: io.appium.java_client.android.AndroidDriver\nCommand: [20cbd1e0-bf2d-4bed-9d6e-e2e5700ff8f1, sendKeysToElement {id=00000000-0000-02c3-0000-00c2000000db, value=[Ljava.lang.CharSequence;@3c6fc4cd}]\nCapabilities {appium:app: /Users/mac/IdeaProjects/And..., appium:appPackage: ua.easypay.clientandroid, appium:automationName: uiautomator2, appium:databaseEnabled: false, appium:desired: {app: /Users/mac/IdeaProjects/And..., automationName: uiautomator2, deviceName: Pixel 5 API 30, platformName: ANDROID}, appium:deviceApiLevel: 30, appium:deviceManufacturer: Google, appium:deviceModel: sdk_gphone_arm64, appium:deviceName: emulator-5554, appium:deviceScreenDensity: 440, appium:deviceScreenSize: 1080x2340, appium:deviceUDID: emulator-5554, appium:javascriptEnabled: true, appium:locationContextEnabled: false, appium:networkConnectionEnabled: true, appium:pixelRatio: 2.75, appium:platformVersion: 11, appium:statBarHeight: 66, appium:takesScreenshot: true, appium:viewportRect: {height: 2142, left: 0, top: 66, width: 1080}, appium:warnings: {}, appium:webStorageEnabled: false, platformName: ANDROID}\nElement: [[AndroidDriver:  on ANDROID (20cbd1e0-bf2d-4bed-9d6e-e2e5700ff8f1)] -> xpath: //*[@text='Сума від 1,00 до 29999,00 ₴']]\nSession ID: 20cbd1e0-bf2d-4bed-9d6e-e2e5700ff8f1\n\tat jdk.internal.reflect.GeneratedConstructorAccessor7.newInstance(Unknown Source)\n\tat java.base/jdk.internal.reflect.DelegatingConstructorAccessorImpl.newInstance(DelegatingConstructorAccessorImpl.java:45)\n\tat java.base/java.lang.reflect.Constructor.newInstance(Constructor.java:490)\n\tat org.openqa.selenium.remote.codec.w3c.W3CHttpResponseCodec.createException(W3CHttpResponseCodec.java:200)\n\tat org.openqa.selenium.remote.codec.w3c.W3CHttpResponseCodec.decode(W3CHttpResponseCodec.java:133)\n\tat org.openqa.selenium.remote.codec.w3c.W3CHttpResponseCodec.decode(W3CHttpResponseCodec.java:53)\n\tat org.openqa.selenium.remote.HttpCommandExecutor.execute(HttpCommandExecutor.java:193)\n\tat io.appium.java_client.remote.AppiumCommandExecutor.execute(AppiumCommandExecutor.java:250)\n\tat org.openqa.selenium.remote.RemoteWebDriver.execute(RemoteWebDriver.java:543)\n\tat org.openqa.selenium.remote.RemoteWebElement.execute(RemoteWebElement.java:257)\n\tat org.openqa.selenium.remote.RemoteWebElement.sendKeys(RemoteWebElement.java:113)\n\tat jdk.internal.reflect.GeneratedMethodAccessor1.invoke(Unknown Source)\n\tat java.base/jdk.internal.reflect.DelegatingMethodAccessorImpl.invoke(DelegatingMethodAccessorImpl.java:43)\n\tat java.base/java.lang.reflect.Method.invoke(Method.java:566)\n\tat com.codeborne.selenide.impl.SelenideElementProxy.dispatchAndRetry(SelenideElementProxy.java:135)\n\t... 50 more\n"},"stage":"finished","steps":[{"name":"$(\"By.xpath: //*[@text='Сума від 1,00 до 29999,00 ₴']\") should be(visible)","status":"passed","stage":"finished","steps":[],"attachments":[],"parameters":[],"start":1695231794584,"stop":1695231794660},{"name":"$(\"By.xpath: //*[@text='Сума від 1,00 до 29999,00 ₴']\") send keys(1)","status":"failed","statusDetails":{"known":false,"muted":false,"flaky":false,"message":"Invalid element state [By.xpath: //*[@text='Сума від 1,00 до 29999,00 ₴']]: Cannot set the element to '1'. Did you interact with the correct element?\nScreenshot: file:/Users/mac/IdeaProjects/Android/build/reports/tests/1695231802730.0.png\nPage source: file:/Users/mac/IdeaProjects/Android/build/reports/tests/1695231802730.0.html\nTimeout: 8 s.\nCaused by: InvalidElementStateException: Cannot set the element to '1'. Did you interact with the correct element?","trace":"Invalid element state [By.xpath: //*[@text='Сума від 1,00 до 29999,00 ₴']]: Cannot set the element to '1'. Did you interact with the correct element?\nScreenshot: file:/Users/mac/IdeaProjects/Android/build/reports/tests/1695231802730.0.png\nPage source: file:/Users/mac/IdeaProjects/Android/build/reports/tests/1695231802730.0.html\nTimeout: 8 s.\nCaused by: InvalidElementStateException: Cannot set the element to '1'. Did you interact with the correct element?\n\tat com.codeborne.selenide.impl.ExceptionWrapper.wrap(ExceptionWrapper.java:26)\n\tat com.codeborne.selenide.impl.SelenideElementProxy.dispatchAndRetry(SelenideElementProxy.java:154)\n\tat com.codeborne.selenide.impl.SelenideElementProxy.invoke(SelenideElementProxy.java:84)\n\tat com.sun.proxy.$Proxy17.sendKeys(Unknown Source)\n\tat pageObjects.TopUpCardPage.inputSum(TopUpCardPage.java:45)\n\tat tests.TopUpCardTests.test1(TopUpCardTests.java:38)\n\tat java.base/jdk.internal.reflect.NativeMethodAccessorImpl.invoke0(Native Method)\n\tat java.base/jdk.internal.reflect.NativeMethodAccessorImpl.invoke(NativeMethodAccessorImpl.java:62)\n\tat java.base/jdk.internal.reflect.DelegatingMethodAccessorImpl.invoke(DelegatingMethodAccessorImpl.java:43)\n\tat java.base/java.lang.reflect.Method.invoke(Method.java:566)\n\tat org.testng.internal.invokers.MethodInvocationHelper.invokeMethod(MethodInvocationHelper.java:139)\n\tat org.testng.internal.invokers.TestInvoker.invokeMethod(TestInvoker.java:677)\n\tat org.testng.internal.invokers.TestInvoker.invokeTestMethod(TestInvoker.java:221)\n\tat org.testng.internal.invokers.MethodRunner.runInSequence(MethodRunner.java:50)\n\tat org.testng.internal.invokers.TestInvoker$MethodInvocationAgent.invoke(TestInvoker.java:969)\n\tat org.testng.internal.invokers.TestInvoker.invokeTestMethods(TestInvoker.java:194)\n\tat org.testng.internal.invokers.TestMethodWorker.invokeTestMethods(TestMethodWorker.java:148)\n\tat org.testng.internal.invokers.TestMethodWorker.run(TestMethodWorker.java:128)\n\tat java.base/java.util.ArrayList.forEach(ArrayList.java:1541)\n\tat org.testng.TestRunner.privateRun(TestRunner.java:829)\n\tat org.testng.TestRunner.run(TestRunner.java:602)\n\tat org.testng.SuiteRunner.runTest(SuiteRunner.java:437)\n\tat org.testng.SuiteRunner.runSequentially(SuiteRunner.java:431)\n\tat org.testng.SuiteRunner.privateRun(SuiteRunner.java:391)\n\tat org.testng.SuiteRunner.run(SuiteRunner.java:330)\n\tat org.testng.SuiteRunnerWorker.runSuite(SuiteRunnerWorker.java:52)\n\tat org.testng.SuiteRunnerWorker.run(SuiteRunnerWorker.java:95)\n\tat org.testng.TestNG.runSuitesSequentially(TestNG.java:1256)\n\tat org.testng.TestNG.runSuitesLocally(TestNG.java:1176)\n\tat org.testng.TestNG.runSuites(TestNG.java:1099)\n\tat org.testng.TestNG.run(TestNG.java:1067)\n\tat org.gradle.api.internal.tasks.testing.testng.TestNGTestClassProcessor.runTests(TestNGTestClassProcessor.java:141)\n\tat org.gradle.api.internal.tasks.testing.testng.TestNGTestClassProcessor.stop(TestNGTestClassProcessor.java:90)\n\tat org.gradle.api.internal.tasks.testing.SuiteTestClassProcessor.stop(SuiteTestClassProcessor.java:61)\n\tat java.base/jdk.internal.reflect.NativeMethodAccessorImpl.invoke0(Native Method)\n\tat java.base/jdk.internal.reflect.NativeMethodAccessorImpl.invoke(NativeMethodAccessorImpl.java:62)\n\tat java.base/jdk.internal.reflect.DelegatingMethodAccessorImpl.invoke(DelegatingMethodAccessorImpl.java:43)\n\tat java.base/java.lang.reflect.Method.invoke(Method.java:566)\n\tat org.gradle.internal.dispatch.ReflectionDispatch.dispatch(ReflectionDispatch.java:36)\n\tat org.gradle.internal.dispatch.ReflectionDispatch.dispatch(ReflectionDispatch.java:24)\n\tat org.gradle.internal.dispatch.ContextClassLoaderDispatch.dispatch(ContextClassLoaderDispatch.java:33)\n\tat org.gradle.internal.dispatch.ProxyDispatchAdapter$DispatchingInvocationHandler.invoke(ProxyDispatchAdapter.java:94)\n\tat com.sun.proxy.$Proxy2.stop(Unknown Source)\n\tat org.gradle.api.internal.tasks.testing.worker.TestWorker$3.run(TestWorker.java:193)\n\tat org.gradle.api.internal.tasks.testing.worker.TestWorker.executeAndMaintainThreadName(TestWorker.java:129)\n\tat org.gradle.api.internal.tasks.testing.worker.TestWorker.execute(TestWorker.java:100)\n\tat org.gradle.api.internal.tasks.testing.worker.TestWorker.execute(TestWorker.java:60)\n\tat org.gradle.process.internal.worker.child.ActionExecutionWorker.execute(ActionExecutionWorker.java:56)\n\tat org.gradle.process.internal.worker.child.SystemApplicationClassLoaderWorker.call(SystemApplicationClassLoaderWorker.java:133)\n\tat org.gradle.process.internal.worker.child.SystemApplicationClassLoaderWorker.call(SystemApplicationClassLoaderWorker.java:71)\n\tat worker.org.gradle.process.internal.worker.GradleWorkerMain.run(GradleWorkerMain.java:69)\n\tat worker.org.gradle.process.internal.worker.GradleWorkerMain.main(GradleWorkerMain.java:74)\nCaused by: org.openqa.selenium.InvalidElementStateException: Cannot set the element to '1'. Did you interact with the correct element?\nBuild info: version: '4.9.1', revision: 'eb2032df7f'\nSystem info: os.name: 'Mac OS X', os.arch: 'x86_64', os.version: '13.4.1', java.version: '11.0.15'\nDriver info: io.appium.java_client.android.AndroidDriver\nCommand: [20cbd1e0-bf2d-4bed-9d6e-e2e5700ff8f1, sendKeysToElement {id=00000000-0000-02c3-0000-00c2000000db, value=[Ljava.lang.CharSequence;@3c6fc4cd}]\nCapabilities {appium:app: /Users/mac/IdeaProjects/And..., appium:appPackage: ua.easypay.clientandroid, appium:automationName: uiautomator2, appium:databaseEnabled: false, appium:desired: {app: /Users/mac/IdeaProjects/And..., automationName: uiautomator2, deviceName: Pixel 5 API 30, platformName: ANDROID}, appium:deviceApiLevel: 30, appium:deviceManufacturer: Google, appium:deviceModel: sdk_gphone_arm64, appium:deviceName: emulator-5554, appium:deviceScreenDensity: 440, appium:deviceScreenSize: 1080x2340, appium:deviceUDID: emulator-5554, appium:javascriptEnabled: true, appium:locationContextEnabled: false, appium:networkConnectionEnabled: true, appium:pixelRatio: 2.75, appium:platformVersion: 11, appium:statBarHeight: 66, appium:takesScreenshot: true, appium:viewportRect: {height: 2142, left: 0, top: 66, width: 1080}, appium:warnings: {}, appium:webStorageEnabled: false, platformName: ANDROID}\nElement: [[AndroidDriver:  on ANDROID (20cbd1e0-bf2d-4bed-9d6e-e2e5700ff8f1)] -> xpath: //*[@text='Сума від 1,00 до 29999,00 ₴']]\nSession ID: 20cbd1e0-bf2d-4bed-9d6e-e2e5700ff8f1\n\tat jdk.internal.reflect.GeneratedConstructorAccessor7.newInstance(Unknown Source)\n\tat java.base/jdk.internal.reflect.DelegatingConstructorAccessorImpl.newInstance(DelegatingConstructorAccessorImpl.java:45)\n\tat java.base/java.lang.reflect.Constructor.newInstance(Constructor.java:490)\n\tat org.openqa.selenium.remote.codec.w3c.W3CHttpResponseCodec.createException(W3CHttpResponseCodec.java:200)\n\tat org.openqa.selenium.remote.codec.w3c.W3CHttpResponseCodec.decode(W3CHttpResponseCodec.java:133)\n\tat org.openqa.selenium.remote.codec.w3c.W3CHttpResponseCodec.decode(W3CHttpResponseCodec.java:53)\n\tat org.openqa.selenium.remote.HttpCommandExecutor.execute(HttpCommandExecutor.java:193)\n\tat io.appium.java_client.remote.AppiumCommandExecutor.execute(AppiumCommandExecutor.java:250)\n\tat org.openqa.selenium.remote.RemoteWebDriver.execute(RemoteWebDriver.java:543)\n\tat org.openqa.selenium.remote.RemoteWebElement.execute(RemoteWebElement.java:257)\n\tat org.openqa.selenium.remote.RemoteWebElement.sendKeys(RemoteWebElement.java:113)\n\tat jdk.internal.reflect.GeneratedMethodAccessor1.invoke(Unknown Source)\n\tat java.base/jdk.internal.reflect.DelegatingMethodAccessorImpl.invoke(DelegatingMethodAccessorImpl.java:43)\n\tat java.base/java.lang.reflect.Method.invoke(Method.java:566)\n\tat com.codeborne.selenide.impl.SelenideElementProxy.dispatchAndRetry(SelenideElementProxy.java:135)\n\t... 50 more\n"},"stage":"finished","steps":[],"attachments":[{"name":"Screenshot","source":"bb76bf7c-5816-474f-8b8f-187e2f998077-attachment.png","type":"image/png"}],"parameters":[],"start":1695231794660,"stop":1695231803284}],"attachments":[],"parameters":[{"name":"sum","value":"1"}],"start":1695231794583,"stop":1695231803287}],"attachments":[],"parameters":[],"start":1695231781058,"stop":1695231803302}