{"uuid":"d1c59916-d163-4a8c-943a-e98da596fd17","historyId":"ab147d8b16407f566e69c3374d781a0","fullName":"tests.TopUpCardTests.test1","labels":[{"name":"package","value":"tests.TopUpCardTests"},{"name":"testClass","value":"tests.TopUpCardTests"},{"name":"testMethod","value":"test1"},{"name":"parentSuite","value":"Gradle suite"},{"name":"suite","value":"Gradle test"},{"name":"subSuite","value":"tests.TopUpCardTests"},{"name":"host","value":"MacBook-Pro-3.local"},{"name":"thread","value":"56736@MacBook-Pro-3.local.Test worker(1)"},{"name":"framework","value":"testng"},{"name":"language","value":"java"}],"links":[],"name":"test1","status":"failed","statusDetails":{"known":false,"muted":false,"flaky":false,"message":"Invalid element state [By.xpath: //*[@text='0000 0000 0000 0000']]: Cannot set the element to '1234123412341234'. Did you interact with the correct element?\nScreenshot: file:/Users/mac/IdeaProjects/Android/build/reports/tests/1695231623773.0.png\nPage source: file:/Users/mac/IdeaProjects/Android/build/reports/tests/1695231623773.0.html\nTimeout: 8 s.\nCaused by: InvalidElementStateException: Cannot set the element to '1234123412341234'. Did you interact with the correct element?","trace":"Invalid element state [By.xpath: //*[@text='0000 0000 0000 0000']]: Cannot set the element to '1234123412341234'. Did you interact with the correct element?\nScreenshot: file:/Users/mac/IdeaProjects/Android/build/reports/tests/1695231623773.0.png\nPage source: file:/Users/mac/IdeaProjects/Android/build/reports/tests/1695231623773.0.html\nTimeout: 8 s.\nCaused by: InvalidElementStateException: Cannot set the element to '1234123412341234'. Did you interact with the correct element?\n\tat com.codeborne.selenide.impl.ExceptionWrapper.wrap(ExceptionWrapper.java:26)\n\tat com.codeborne.selenide.impl.SelenideElementProxy.dispatchAndRetry(SelenideElementProxy.java:154)\n\tat com.codeborne.selenide.impl.SelenideElementProxy.invoke(SelenideElementProxy.java:84)\n\tat com.sun.proxy.$Proxy17.sendKeys(Unknown Source)\n\tat pageObjects.TopUpCardPage.inputCardNumber(TopUpCardPage.java:30)\n\tat tests.TopUpCardTests.test1(TopUpCardTests.java:35)\n\tat java.base/jdk.internal.reflect.NativeMethodAccessorImpl.invoke0(Native Method)\n\tat java.base/jdk.internal.reflect.NativeMethodAccessorImpl.invoke(NativeMethodAccessorImpl.java:62)\n\tat java.base/jdk.internal.reflect.DelegatingMethodAccessorImpl.invoke(DelegatingMethodAccessorImpl.java:43)\n\tat java.base/java.lang.reflect.Method.invoke(Method.java:566)\n\tat org.testng.internal.invokers.MethodInvocationHelper.invokeMethod(MethodInvocationHelper.java:139)\n\tat org.testng.internal.invokers.TestInvoker.invokeMethod(TestInvoker.java:677)\n\tat org.testng.internal.invokers.TestInvoker.invokeTestMethod(TestInvoker.java:221)\n\tat org.testng.internal.invokers.MethodRunner.runInSequence(MethodRunner.java:50)\n\tat org.testng.internal.invokers.TestInvoker$MethodInvocationAgent.invoke(TestInvoker.java:969)\n\tat org.testng.internal.invokers.TestInvoker.invokeTestMethods(TestInvoker.java:194)\n\tat org.testng.internal.invokers.TestMethodWorker.invokeTestMethods(TestMethodWorker.java:148)\n\tat org.testng.internal.invokers.TestMethodWorker.run(TestMethodWorker.java:128)\n\tat java.base/java.util.ArrayList.forEach(ArrayList.java:1541)\n\tat org.testng.TestRunner.privateRun(TestRunner.java:829)\n\tat org.testng.TestRunner.run(TestRunner.java:602)\n\tat org.testng.SuiteRunner.runTest(SuiteRunner.java:437)\n\tat org.testng.SuiteRunner.runSequentially(SuiteRunner.java:431)\n\tat org.testng.SuiteRunner.privateRun(SuiteRunner.java:391)\n\tat org.testng.SuiteRunner.run(SuiteRunner.java:330)\n\tat org.testng.SuiteRunnerWorker.runSuite(SuiteRunnerWorker.java:52)\n\tat org.testng.SuiteRunnerWorker.run(SuiteRunnerWorker.java:95)\n\tat org.testng.TestNG.runSuitesSequentially(TestNG.java:1256)\n\tat org.testng.TestNG.runSuitesLocally(TestNG.java:1176)\n\tat org.testng.TestNG.runSuites(TestNG.java:1099)\n\tat org.testng.TestNG.run(TestNG.java:1067)\n\tat org.gradle.api.internal.tasks.testing.testng.TestNGTestClassProcessor.runTests(TestNGTestClassProcessor.java:141)\n\tat org.gradle.api.internal.tasks.testing.testng.TestNGTestClassProcessor.stop(TestNGTestClassProcessor.java:90)\n\tat org.gradle.api.internal.tasks.testing.SuiteTestClassProcessor.stop(SuiteTestClassProcessor.java:61)\n\tat java.base/jdk.internal.reflect.NativeMethodAccessorImpl.invoke0(Native Method)\n\tat java.base/jdk.internal.reflect.NativeMethodAccessorImpl.invoke(NativeMethodAccessorImpl.java:62)\n\tat java.base/jdk.internal.reflect.DelegatingMethodAccessorImpl.invoke(DelegatingMethodAccessorImpl.java:43)\n\tat java.base/java.lang.reflect.Method.invoke(Method.java:566)\n\tat org.gradle.internal.dispatch.ReflectionDispatch.dispatch(ReflectionDispatch.java:36)\n\tat org.gradle.internal.dispatch.ReflectionDispatch.dispatch(ReflectionDispatch.java:24)\n\tat org.gradle.internal.dispatch.ContextClassLoaderDispatch.dispatch(ContextClassLoaderDispatch.java:33)\n\tat org.gradle.internal.dispatch.ProxyDispatchAdapter$DispatchingInvocationHandler.invoke(ProxyDispatchAdapter.java:94)\n\tat com.sun.proxy.$Proxy2.stop(Unknown Source)\n\tat org.gradle.api.internal.tasks.testing.worker.TestWorker$3.run(TestWorker.java:193)\n\tat org.gradle.api.internal.tasks.testing.worker.TestWorker.executeAndMaintainThreadName(TestWorker.java:129)\n\tat org.gradle.api.internal.tasks.testing.worker.TestWorker.execute(TestWorker.java:100)\n\tat org.gradle.api.internal.tasks.testing.worker.TestWorker.execute(TestWorker.java:60)\n\tat org.gradle.process.internal.worker.child.ActionExecutionWorker.execute(ActionExecutionWorker.java:56)\n\tat org.gradle.process.internal.worker.child.SystemApplicationClassLoaderWorker.call(SystemApplicationClassLoaderWorker.java:133)\n\tat org.gradle.process.internal.worker.child.SystemApplicationClassLoaderWorker.call(SystemApplicationClassLoaderWorker.java:71)\n\tat worker.org.gradle.process.internal.worker.GradleWorkerMain.run(GradleWorkerMain.java:69)\n\tat worker.org.gradle.process.internal.worker.GradleWorkerMain.main(GradleWorkerMain.java:74)\nCaused by: org.openqa.selenium.InvalidElementStateException: Cannot set the element to '1234123412341234'. Did you interact with the correct element?\nBuild info: version: '4.9.1', revision: 'eb2032df7f'\nSystem info: os.name: 'Mac OS X', os.arch: 'x86_64', os.version: '13.4.1', java.version: '11.0.15'\nDriver info: io.appium.java_client.android.AndroidDriver\nCommand: [9e9f3a82-2191-4db8-b9cc-42d341f60244, sendKeysToElement {id=00000000-0000-02a3-0000-00dc000000db, value=[Ljava.lang.CharSequence;@102fd71d}]\nCapabilities {appium:app: /Users/mac/IdeaProjects/And..., appium:appPackage: ua.easypay.clientandroid, appium:automationName: uiautomator2, appium:databaseEnabled: false, appium:desired: {app: /Users/mac/IdeaProjects/And..., automationName: uiautomator2, deviceName: Pixel 5 API 30, platformName: ANDROID}, appium:deviceApiLevel: 30, appium:deviceManufacturer: Google, appium:deviceModel: sdk_gphone_arm64, appium:deviceName: emulator-5554, appium:deviceScreenDensity: 440, appium:deviceScreenSize: 1080x2340, appium:deviceUDID: emulator-5554, appium:javascriptEnabled: true, appium:locationContextEnabled: false, appium:networkConnectionEnabled: true, appium:pixelRatio: 2.75, appium:platformVersion: 11, appium:statBarHeight: 66, appium:takesScreenshot: true, appium:viewportRect: {height: 2142, left: 0, top: 66, width: 1080}, appium:warnings: {}, appium:webStorageEnabled: false, platformName: ANDROID}\nElement: [[AndroidDriver:  on ANDROID (9e9f3a82-2191-4db8-b9cc-42d341f60244)] -> xpath: //*[@text='0000 0000 0000 0000']]\nSession ID: 9e9f3a82-2191-4db8-b9cc-42d341f60244\n\tat jdk.internal.reflect.GeneratedConstructorAccessor8.newInstance(Unknown Source)\n\tat java.base/jdk.internal.reflect.DelegatingConstructorAccessorImpl.newInstance(DelegatingConstructorAccessorImpl.java:45)\n\tat java.base/java.lang.reflect.Constructor.newInstance(Constructor.java:490)\n\tat org.openqa.selenium.remote.codec.w3c.W3CHttpResponseCodec.createException(W3CHttpResponseCodec.java:200)\n\tat org.openqa.selenium.remote.codec.w3c.W3CHttpResponseCodec.decode(W3CHttpResponseCodec.java:133)\n\tat org.openqa.selenium.remote.codec.w3c.W3CHttpResponseCodec.decode(W3CHttpResponseCodec.java:53)\n\tat org.openqa.selenium.remote.HttpCommandExecutor.execute(HttpCommandExecutor.java:193)\n\tat io.appium.java_client.remote.AppiumCommandExecutor.execute(AppiumCommandExecutor.java:250)\n\tat org.openqa.selenium.remote.RemoteWebDriver.execute(RemoteWebDriver.java:543)\n\tat org.openqa.selenium.remote.RemoteWebElement.execute(RemoteWebElement.java:257)\n\tat org.openqa.selenium.remote.RemoteWebElement.sendKeys(RemoteWebElement.java:113)\n\tat jdk.internal.reflect.GeneratedMethodAccessor1.invoke(Unknown Source)\n\tat java.base/jdk.internal.reflect.DelegatingMethodAccessorImpl.invoke(DelegatingMethodAccessorImpl.java:43)\n\tat java.base/java.lang.reflect.Method.invoke(Method.java:566)\n\tat com.codeborne.selenide.impl.SelenideElementProxy.dispatchAndRetry(SelenideElementProxy.java:135)\n\t... 50 more\n"},"stage":"finished","steps":[{"name":"Click in the 'Input phone' field","status":"passed","stage":"finished","steps":[{"name":"$(\"AppiumBy.className: android.widget.EditText\") should be(visible)","status":"passed","stage":"finished","steps":[],"attachments":[],"parameters":[],"start":1695231599430,"stop":1695231601141},{"name":"$(\"AppiumBy.className: android.widget.EditText\") click()","status":"passed","stage":"finished","steps":[],"attachments":[],"parameters":[],"start":1695231601142,"stop":1695231601252}],"attachments":[],"parameters":[],"start":1695231599421,"stop":1695231601253},{"name":"Input phone number","status":"passed","stage":"finished","steps":[{"name":"$(\"AppiumBy.className: android.widget.EditText\") send keys(999999999)","status":"passed","stage":"finished","steps":[],"attachments":[],"parameters":[],"start":1695231601257,"stop":1695231601947}],"attachments":[],"parameters":[{"name":"phone","value":"999999999"}],"start":1695231601257,"stop":1695231601947},{"name":"Click continue button","status":"passed","stage":"finished","steps":[{"name":"$(\"By.xpath: //*[@text='Продовжити']\") should be(interactable)","status":"passed","stage":"finished","steps":[],"attachments":[],"parameters":[],"start":1695231602953,"stop":1695231603108},{"name":"$(\"By.xpath: //*[@text='Продовжити']\") click()","status":"passed","stage":"finished","steps":[],"attachments":[],"parameters":[],"start":1695231603109,"stop":1695231604022}],"attachments":[],"parameters":[],"start":1695231602949,"stop":1695231604022},{"name":"Input PIN 0000","status":"passed","stage":"finished","steps":[{"name":"$(\"AppiumBy.id: ua.easypay.clientandroid:id/key1\") should be(interactable)","status":"passed","stage":"finished","steps":[],"attachments":[],"parameters":[],"start":1695231604060,"stop":1695231604095},{"name":"$(\"AppiumBy.id: ua.easypay.clientandroid:id/key1\") click()","status":"passed","stage":"finished","steps":[],"attachments":[],"parameters":[],"start":1695231604096,"stop":1695231604184},{"name":"$(\"AppiumBy.id: ua.easypay.clientandroid:id/key1\") should be(interactable)","status":"passed","stage":"finished","steps":[],"attachments":[],"parameters":[],"start":1695231604184,"stop":1695231604719},{"name":"$(\"AppiumBy.id: ua.easypay.clientandroid:id/key1\") click()","status":"passed","stage":"finished","steps":[],"attachments":[],"parameters":[],"start":1695231604719,"stop":1695231604842},{"name":"$(\"AppiumBy.id: ua.easypay.clientandroid:id/key1\") should be(interactable)","status":"passed","stage":"finished","steps":[],"attachments":[],"parameters":[],"start":1695231604842,"stop":1695231605373},{"name":"$(\"AppiumBy.id: ua.easypay.clientandroid:id/key1\") click()","status":"passed","stage":"finished","steps":[],"attachments":[],"parameters":[],"start":1695231605373,"stop":1695231605482},{"name":"$(\"AppiumBy.id: ua.easypay.clientandroid:id/key1\") should be(interactable)","status":"passed","stage":"finished","steps":[],"attachments":[],"parameters":[],"start":1695231605483,"stop":1695231606003},{"name":"$(\"AppiumBy.id: ua.easypay.clientandroid:id/key1\") click()","status":"passed","stage":"finished","steps":[],"attachments":[],"parameters":[],"start":1695231606003,"stop":1695231606134}],"attachments":[],"parameters":[],"start":1695231604060,"stop":1695231606134},{"name":"Click transferToCard button","status":"passed","stage":"finished","steps":[{"name":"$(\"AppiumBy.id: ua.easypay.clientandroid:id/btnNewt\") should be(visible)","status":"passed","stage":"finished","steps":[],"attachments":[],"parameters":[],"start":1695231606162,"stop":1695231610683},{"name":"$(\"AppiumBy.id: ua.easypay.clientandroid:id/btnNewt\") click()","status":"passed","stage":"finished","steps":[],"attachments":[],"parameters":[],"start":1695231610684,"stop":1695231611440}],"attachments":[],"parameters":[],"start":1695231606161,"stop":1695231611440},{"name":"Input card number","status":"failed","statusDetails":{"known":false,"muted":false,"flaky":false,"message":"Invalid element state [By.xpath: //*[@text='0000 0000 0000 0000']]: Cannot set the element to '1234123412341234'. Did you interact with the correct element?\nScreenshot: file:/Users/mac/IdeaProjects/Android/build/reports/tests/1695231623773.0.png\nPage source: file:/Users/mac/IdeaProjects/Android/build/reports/tests/1695231623773.0.html\nTimeout: 8 s.\nCaused by: InvalidElementStateException: Cannot set the element to '1234123412341234'. Did you interact with the correct element?","trace":"Invalid element state [By.xpath: //*[@text='0000 0000 0000 0000']]: Cannot set the element to '1234123412341234'. Did you interact with the correct element?\nScreenshot: file:/Users/mac/IdeaProjects/Android/build/reports/tests/1695231623773.0.png\nPage source: file:/Users/mac/IdeaProjects/Android/build/reports/tests/1695231623773.0.html\nTimeout: 8 s.\nCaused by: InvalidElementStateException: Cannot set the element to '1234123412341234'. Did you interact with the correct element?\n\tat com.codeborne.selenide.impl.ExceptionWrapper.wrap(ExceptionWrapper.java:26)\n\tat com.codeborne.selenide.impl.SelenideElementProxy.dispatchAndRetry(SelenideElementProxy.java:154)\n\tat com.codeborne.selenide.impl.SelenideElementProxy.invoke(SelenideElementProxy.java:84)\n\tat com.sun.proxy.$Proxy17.sendKeys(Unknown Source)\n\tat pageObjects.TopUpCardPage.inputCardNumber(TopUpCardPage.java:30)\n\tat tests.TopUpCardTests.test1(TopUpCardTests.java:35)\n\tat java.base/jdk.internal.reflect.NativeMethodAccessorImpl.invoke0(Native Method)\n\tat java.base/jdk.internal.reflect.NativeMethodAccessorImpl.invoke(NativeMethodAccessorImpl.java:62)\n\tat java.base/jdk.internal.reflect.DelegatingMethodAccessorImpl.invoke(DelegatingMethodAccessorImpl.java:43)\n\tat java.base/java.lang.reflect.Method.invoke(Method.java:566)\n\tat org.testng.internal.invokers.MethodInvocationHelper.invokeMethod(MethodInvocationHelper.java:139)\n\tat org.testng.internal.invokers.TestInvoker.invokeMethod(TestInvoker.java:677)\n\tat org.testng.internal.invokers.TestInvoker.invokeTestMethod(TestInvoker.java:221)\n\tat org.testng.internal.invokers.MethodRunner.runInSequence(MethodRunner.java:50)\n\tat org.testng.internal.invokers.TestInvoker$MethodInvocationAgent.invoke(TestInvoker.java:969)\n\tat org.testng.internal.invokers.TestInvoker.invokeTestMethods(TestInvoker.java:194)\n\tat org.testng.internal.invokers.TestMethodWorker.invokeTestMethods(TestMethodWorker.java:148)\n\tat org.testng.internal.invokers.TestMethodWorker.run(TestMethodWorker.java:128)\n\tat java.base/java.util.ArrayList.forEach(ArrayList.java:1541)\n\tat org.testng.TestRunner.privateRun(TestRunner.java:829)\n\tat org.testng.TestRunner.run(TestRunner.java:602)\n\tat org.testng.SuiteRunner.runTest(SuiteRunner.java:437)\n\tat org.testng.SuiteRunner.runSequentially(SuiteRunner.java:431)\n\tat org.testng.SuiteRunner.privateRun(SuiteRunner.java:391)\n\tat org.testng.SuiteRunner.run(SuiteRunner.java:330)\n\tat org.testng.SuiteRunnerWorker.runSuite(SuiteRunnerWorker.java:52)\n\tat org.testng.SuiteRunnerWorker.run(SuiteRunnerWorker.java:95)\n\tat org.testng.TestNG.runSuitesSequentially(TestNG.java:1256)\n\tat org.testng.TestNG.runSuitesLocally(TestNG.java:1176)\n\tat org.testng.TestNG.runSuites(TestNG.java:1099)\n\tat org.testng.TestNG.run(TestNG.java:1067)\n\tat org.gradle.api.internal.tasks.testing.testng.TestNGTestClassProcessor.runTests(TestNGTestClassProcessor.java:141)\n\tat org.gradle.api.internal.tasks.testing.testng.TestNGTestClassProcessor.stop(TestNGTestClassProcessor.java:90)\n\tat org.gradle.api.internal.tasks.testing.SuiteTestClassProcessor.stop(SuiteTestClassProcessor.java:61)\n\tat java.base/jdk.internal.reflect.NativeMethodAccessorImpl.invoke0(Native Method)\n\tat java.base/jdk.internal.reflect.NativeMethodAccessorImpl.invoke(NativeMethodAccessorImpl.java:62)\n\tat java.base/jdk.internal.reflect.DelegatingMethodAccessorImpl.invoke(DelegatingMethodAccessorImpl.java:43)\n\tat java.base/java.lang.reflect.Method.invoke(Method.java:566)\n\tat org.gradle.internal.dispatch.ReflectionDispatch.dispatch(ReflectionDispatch.java:36)\n\tat org.gradle.internal.dispatch.ReflectionDispatch.dispatch(ReflectionDispatch.java:24)\n\tat org.gradle.internal.dispatch.ContextClassLoaderDispatch.dispatch(ContextClassLoaderDispatch.java:33)\n\tat org.gradle.internal.dispatch.ProxyDispatchAdapter$DispatchingInvocationHandler.invoke(ProxyDispatchAdapter.java:94)\n\tat com.sun.proxy.$Proxy2.stop(Unknown Source)\n\tat org.gradle.api.internal.tasks.testing.worker.TestWorker$3.run(TestWorker.java:193)\n\tat org.gradle.api.internal.tasks.testing.worker.TestWorker.executeAndMaintainThreadName(TestWorker.java:129)\n\tat org.gradle.api.internal.tasks.testing.worker.TestWorker.execute(TestWorker.java:100)\n\tat org.gradle.api.internal.tasks.testing.worker.TestWorker.execute(TestWorker.java:60)\n\tat org.gradle.process.internal.worker.child.ActionExecutionWorker.execute(ActionExecutionWorker.java:56)\n\tat org.gradle.process.internal.worker.child.SystemApplicationClassLoaderWorker.call(SystemApplicationClassLoaderWorker.java:133)\n\tat org.gradle.process.internal.worker.child.SystemApplicationClassLoaderWorker.call(SystemApplicationClassLoaderWorker.java:71)\n\tat worker.org.gradle.process.internal.worker.GradleWorkerMain.run(GradleWorkerMain.java:69)\n\tat worker.org.gradle.process.internal.worker.GradleWorkerMain.main(GradleWorkerMain.java:74)\nCaused by: org.openqa.selenium.InvalidElementStateException: Cannot set the element to '1234123412341234'. Did you interact with the correct element?\nBuild info: version: '4.9.1', revision: 'eb2032df7f'\nSystem info: os.name: 'Mac OS X', os.arch: 'x86_64', os.version: '13.4.1', java.version: '11.0.15'\nDriver info: io.appium.java_client.android.AndroidDriver\nCommand: [9e9f3a82-2191-4db8-b9cc-42d341f60244, sendKeysToElement {id=00000000-0000-02a3-0000-00dc000000db, value=[Ljava.lang.CharSequence;@102fd71d}]\nCapabilities {appium:app: /Users/mac/IdeaProjects/And..., appium:appPackage: ua.easypay.clientandroid, appium:automationName: uiautomator2, appium:databaseEnabled: false, appium:desired: {app: /Users/mac/IdeaProjects/And..., automationName: uiautomator2, deviceName: Pixel 5 API 30, platformName: ANDROID}, appium:deviceApiLevel: 30, appium:deviceManufacturer: Google, appium:deviceModel: sdk_gphone_arm64, appium:deviceName: emulator-5554, appium:deviceScreenDensity: 440, appium:deviceScreenSize: 1080x2340, appium:deviceUDID: emulator-5554, appium:javascriptEnabled: true, appium:locationContextEnabled: false, appium:networkConnectionEnabled: true, appium:pixelRatio: 2.75, appium:platformVersion: 11, appium:statBarHeight: 66, appium:takesScreenshot: true, appium:viewportRect: {height: 2142, left: 0, top: 66, width: 1080}, appium:warnings: {}, appium:webStorageEnabled: false, platformName: ANDROID}\nElement: [[AndroidDriver:  on ANDROID (9e9f3a82-2191-4db8-b9cc-42d341f60244)] -> xpath: //*[@text='0000 0000 0000 0000']]\nSession ID: 9e9f3a82-2191-4db8-b9cc-42d341f60244\n\tat jdk.internal.reflect.GeneratedConstructorAccessor8.newInstance(Unknown Source)\n\tat java.base/jdk.internal.reflect.DelegatingConstructorAccessorImpl.newInstance(DelegatingConstructorAccessorImpl.java:45)\n\tat java.base/java.lang.reflect.Constructor.newInstance(Constructor.java:490)\n\tat org.openqa.selenium.remote.codec.w3c.W3CHttpResponseCodec.createException(W3CHttpResponseCodec.java:200)\n\tat org.openqa.selenium.remote.codec.w3c.W3CHttpResponseCodec.decode(W3CHttpResponseCodec.java:133)\n\tat org.openqa.selenium.remote.codec.w3c.W3CHttpResponseCodec.decode(W3CHttpResponseCodec.java:53)\n\tat org.openqa.selenium.remote.HttpCommandExecutor.execute(HttpCommandExecutor.java:193)\n\tat io.appium.java_client.remote.AppiumCommandExecutor.execute(AppiumCommandExecutor.java:250)\n\tat org.openqa.selenium.remote.RemoteWebDriver.execute(RemoteWebDriver.java:543)\n\tat org.openqa.selenium.remote.RemoteWebElement.execute(RemoteWebElement.java:257)\n\tat org.openqa.selenium.remote.RemoteWebElement.sendKeys(RemoteWebElement.java:113)\n\tat jdk.internal.reflect.GeneratedMethodAccessor1.invoke(Unknown Source)\n\tat java.base/jdk.internal.reflect.DelegatingMethodAccessorImpl.invoke(DelegatingMethodAccessorImpl.java:43)\n\tat java.base/java.lang.reflect.Method.invoke(Method.java:566)\n\tat com.codeborne.selenide.impl.SelenideElementProxy.dispatchAndRetry(SelenideElementProxy.java:135)\n\t... 50 more\n"},"stage":"finished","steps":[{"name":"$(\"By.xpath: //*[@text='0000 0000 0000 0000']\") should be(visible)","status":"passed","stage":"finished","steps":[],"attachments":[],"parameters":[],"start":1695231611460,"stop":1695231615708},{"name":"$(\"By.xpath: //*[@text='0000 0000 0000 0000']\") send keys(1234123412341234)","status":"failed","statusDetails":{"known":false,"muted":false,"flaky":false,"message":"Invalid element state [By.xpath: //*[@text='0000 0000 0000 0000']]: Cannot set the element to '1234123412341234'. Did you interact with the correct element?\nScreenshot: file:/Users/mac/IdeaProjects/Android/build/reports/tests/1695231623773.0.png\nPage source: file:/Users/mac/IdeaProjects/Android/build/reports/tests/1695231623773.0.html\nTimeout: 8 s.\nCaused by: InvalidElementStateException: Cannot set the element to '1234123412341234'. Did you interact with the correct element?","trace":"Invalid element state [By.xpath: //*[@text='0000 0000 0000 0000']]: Cannot set the element to '1234123412341234'. Did you interact with the correct element?\nScreenshot: file:/Users/mac/IdeaProjects/Android/build/reports/tests/1695231623773.0.png\nPage source: file:/Users/mac/IdeaProjects/Android/build/reports/tests/1695231623773.0.html\nTimeout: 8 s.\nCaused by: InvalidElementStateException: Cannot set the element to '1234123412341234'. Did you interact with the correct element?\n\tat com.codeborne.selenide.impl.ExceptionWrapper.wrap(ExceptionWrapper.java:26)\n\tat com.codeborne.selenide.impl.SelenideElementProxy.dispatchAndRetry(SelenideElementProxy.java:154)\n\tat com.codeborne.selenide.impl.SelenideElementProxy.invoke(SelenideElementProxy.java:84)\n\tat com.sun.proxy.$Proxy17.sendKeys(Unknown Source)\n\tat pageObjects.TopUpCardPage.inputCardNumber(TopUpCardPage.java:30)\n\tat tests.TopUpCardTests.test1(TopUpCardTests.java:35)\n\tat java.base/jdk.internal.reflect.NativeMethodAccessorImpl.invoke0(Native Method)\n\tat java.base/jdk.internal.reflect.NativeMethodAccessorImpl.invoke(NativeMethodAccessorImpl.java:62)\n\tat java.base/jdk.internal.reflect.DelegatingMethodAccessorImpl.invoke(DelegatingMethodAccessorImpl.java:43)\n\tat java.base/java.lang.reflect.Method.invoke(Method.java:566)\n\tat org.testng.internal.invokers.MethodInvocationHelper.invokeMethod(MethodInvocationHelper.java:139)\n\tat org.testng.internal.invokers.TestInvoker.invokeMethod(TestInvoker.java:677)\n\tat org.testng.internal.invokers.TestInvoker.invokeTestMethod(TestInvoker.java:221)\n\tat org.testng.internal.invokers.MethodRunner.runInSequence(MethodRunner.java:50)\n\tat org.testng.internal.invokers.TestInvoker$MethodInvocationAgent.invoke(TestInvoker.java:969)\n\tat org.testng.internal.invokers.TestInvoker.invokeTestMethods(TestInvoker.java:194)\n\tat org.testng.internal.invokers.TestMethodWorker.invokeTestMethods(TestMethodWorker.java:148)\n\tat org.testng.internal.invokers.TestMethodWorker.run(TestMethodWorker.java:128)\n\tat java.base/java.util.ArrayList.forEach(ArrayList.java:1541)\n\tat org.testng.TestRunner.privateRun(TestRunner.java:829)\n\tat org.testng.TestRunner.run(TestRunner.java:602)\n\tat org.testng.SuiteRunner.runTest(SuiteRunner.java:437)\n\tat org.testng.SuiteRunner.runSequentially(SuiteRunner.java:431)\n\tat org.testng.SuiteRunner.privateRun(SuiteRunner.java:391)\n\tat org.testng.SuiteRunner.run(SuiteRunner.java:330)\n\tat org.testng.SuiteRunnerWorker.runSuite(SuiteRunnerWorker.java:52)\n\tat org.testng.SuiteRunnerWorker.run(SuiteRunnerWorker.java:95)\n\tat org.testng.TestNG.runSuitesSequentially(TestNG.java:1256)\n\tat org.testng.TestNG.runSuitesLocally(TestNG.java:1176)\n\tat org.testng.TestNG.runSuites(TestNG.java:1099)\n\tat org.testng.TestNG.run(TestNG.java:1067)\n\tat org.gradle.api.internal.tasks.testing.testng.TestNGTestClassProcessor.runTests(TestNGTestClassProcessor.java:141)\n\tat org.gradle.api.internal.tasks.testing.testng.TestNGTestClassProcessor.stop(TestNGTestClassProcessor.java:90)\n\tat org.gradle.api.internal.tasks.testing.SuiteTestClassProcessor.stop(SuiteTestClassProcessor.java:61)\n\tat java.base/jdk.internal.reflect.NativeMethodAccessorImpl.invoke0(Native Method)\n\tat java.base/jdk.internal.reflect.NativeMethodAccessorImpl.invoke(NativeMethodAccessorImpl.java:62)\n\tat java.base/jdk.internal.reflect.DelegatingMethodAccessorImpl.invoke(DelegatingMethodAccessorImpl.java:43)\n\tat java.base/java.lang.reflect.Method.invoke(Method.java:566)\n\tat org.gradle.internal.dispatch.ReflectionDispatch.dispatch(ReflectionDispatch.java:36)\n\tat org.gradle.internal.dispatch.ReflectionDispatch.dispatch(ReflectionDispatch.java:24)\n\tat org.gradle.internal.dispatch.ContextClassLoaderDispatch.dispatch(ContextClassLoaderDispatch.java:33)\n\tat org.gradle.internal.dispatch.ProxyDispatchAdapter$DispatchingInvocationHandler.invoke(ProxyDispatchAdapter.java:94)\n\tat com.sun.proxy.$Proxy2.stop(Unknown Source)\n\tat org.gradle.api.internal.tasks.testing.worker.TestWorker$3.run(TestWorker.java:193)\n\tat org.gradle.api.internal.tasks.testing.worker.TestWorker.executeAndMaintainThreadName(TestWorker.java:129)\n\tat org.gradle.api.internal.tasks.testing.worker.TestWorker.execute(TestWorker.java:100)\n\tat org.gradle.api.internal.tasks.testing.worker.TestWorker.execute(TestWorker.java:60)\n\tat org.gradle.process.internal.worker.child.ActionExecutionWorker.execute(ActionExecutionWorker.java:56)\n\tat org.gradle.process.internal.worker.child.SystemApplicationClassLoaderWorker.call(SystemApplicationClassLoaderWorker.java:133)\n\tat org.gradle.process.internal.worker.child.SystemApplicationClassLoaderWorker.call(SystemApplicationClassLoaderWorker.java:71)\n\tat worker.org.gradle.process.internal.worker.GradleWorkerMain.run(GradleWorkerMain.java:69)\n\tat worker.org.gradle.process.internal.worker.GradleWorkerMain.main(GradleWorkerMain.java:74)\nCaused by: org.openqa.selenium.InvalidElementStateException: Cannot set the element to '1234123412341234'. Did you interact with the correct element?\nBuild info: version: '4.9.1', revision: 'eb2032df7f'\nSystem info: os.name: 'Mac OS X', os.arch: 'x86_64', os.version: '13.4.1', java.version: '11.0.15'\nDriver info: io.appium.java_client.android.AndroidDriver\nCommand: [9e9f3a82-2191-4db8-b9cc-42d341f60244, sendKeysToElement {id=00000000-0000-02a3-0000-00dc000000db, value=[Ljava.lang.CharSequence;@102fd71d}]\nCapabilities {appium:app: /Users/mac/IdeaProjects/And..., appium:appPackage: ua.easypay.clientandroid, appium:automationName: uiautomator2, appium:databaseEnabled: false, appium:desired: {app: /Users/mac/IdeaProjects/And..., automationName: uiautomator2, deviceName: Pixel 5 API 30, platformName: ANDROID}, appium:deviceApiLevel: 30, appium:deviceManufacturer: Google, appium:deviceModel: sdk_gphone_arm64, appium:deviceName: emulator-5554, appium:deviceScreenDensity: 440, appium:deviceScreenSize: 1080x2340, appium:deviceUDID: emulator-5554, appium:javascriptEnabled: true, appium:locationContextEnabled: false, appium:networkConnectionEnabled: true, appium:pixelRatio: 2.75, appium:platformVersion: 11, appium:statBarHeight: 66, appium:takesScreenshot: true, appium:viewportRect: {height: 2142, left: 0, top: 66, width: 1080}, appium:warnings: {}, appium:webStorageEnabled: false, platformName: ANDROID}\nElement: [[AndroidDriver:  on ANDROID (9e9f3a82-2191-4db8-b9cc-42d341f60244)] -> xpath: //*[@text='0000 0000 0000 0000']]\nSession ID: 9e9f3a82-2191-4db8-b9cc-42d341f60244\n\tat jdk.internal.reflect.GeneratedConstructorAccessor8.newInstance(Unknown Source)\n\tat java.base/jdk.internal.reflect.DelegatingConstructorAccessorImpl.newInstance(DelegatingConstructorAccessorImpl.java:45)\n\tat java.base/java.lang.reflect.Constructor.newInstance(Constructor.java:490)\n\tat org.openqa.selenium.remote.codec.w3c.W3CHttpResponseCodec.createException(W3CHttpResponseCodec.java:200)\n\tat org.openqa.selenium.remote.codec.w3c.W3CHttpResponseCodec.decode(W3CHttpResponseCodec.java:133)\n\tat org.openqa.selenium.remote.codec.w3c.W3CHttpResponseCodec.decode(W3CHttpResponseCodec.java:53)\n\tat org.openqa.selenium.remote.HttpCommandExecutor.execute(HttpCommandExecutor.java:193)\n\tat io.appium.java_client.remote.AppiumCommandExecutor.execute(AppiumCommandExecutor.java:250)\n\tat org.openqa.selenium.remote.RemoteWebDriver.execute(RemoteWebDriver.java:543)\n\tat org.openqa.selenium.remote.RemoteWebElement.execute(RemoteWebElement.java:257)\n\tat org.openqa.selenium.remote.RemoteWebElement.sendKeys(RemoteWebElement.java:113)\n\tat jdk.internal.reflect.GeneratedMethodAccessor1.invoke(Unknown Source)\n\tat java.base/jdk.internal.reflect.DelegatingMethodAccessorImpl.invoke(DelegatingMethodAccessorImpl.java:43)\n\tat java.base/java.lang.reflect.Method.invoke(Method.java:566)\n\tat com.codeborne.selenide.impl.SelenideElementProxy.dispatchAndRetry(SelenideElementProxy.java:135)\n\t... 50 more\n"},"stage":"finished","steps":[],"attachments":[{"name":"Screenshot","source":"313514e4-9c35-443c-aa41-d38bc4820627-attachment.png","type":"image/png"}],"parameters":[],"start":1695231615708,"stop":1695231624269}],"attachments":[],"parameters":[{"name":"cardNumber","value":"1234123412341234"}],"start":1695231611460,"stop":1695231624272}],"attachments":[],"parameters":[],"start":1695231598959,"stop":1695231624291}