{"uuid":"f35d8e4f-44a7-4fe8-92a9-35c0a604f799","historyId":"1430b415f029ae0b622836492900fefc","fullName":"tests.LoginTests.successLogin","labels":[{"name":"package","value":"tests.LoginTests"},{"name":"testClass","value":"tests.LoginTests"},{"name":"testMethod","value":"successLogin"},{"name":"parentSuite","value":"Gradle suite"},{"name":"suite","value":"Gradle test"},{"name":"subSuite","value":"tests.LoginTests"},{"name":"host","value":"MacBook-Pro-3.local"},{"name":"thread","value":"83263@MacBook-Pro-3.local.Test worker(1)"},{"name":"framework","value":"testng"},{"name":"language","value":"java"},{"name":"owner","value":"Volodymyr Kostenko"}],"links":[],"name":"successLogin","status":"failed","statusDetails":{"known":false,"muted":false,"flaky":false,"message":"Element should be editable {AppiumBy.className: android.widget.EditText}\nElement: '<null class=\"android.widget.EditText\" name></null>'\nScreenshot: file:/Users/mac/IdeaProjects/Android/build/reports/tests/1692951430617.0.png\nPage source: file:/Users/mac/IdeaProjects/Android/build/reports/tests/1692951430617.0.html\nTimeout: 8 s.\nCaused by: UnsupportedCommandException: 'readonly' attribute is unknown for the element. Only the following attributes are supported: [checkable, checked, {class,className}, clickable, {content-desc,contentDescription}, enabled, focusable, focused, {long-clickable,longClickable}, package, password, {resource-id,resourceId}, scrollable, selection-start, selection-end, selected, {text,name}, hint, extras, bounds, displayed, contentSize]","trace":"Element should be editable {AppiumBy.className: android.widget.EditText}\nElement: '<null class=\"android.widget.EditText\" name></null>'\nScreenshot: file:/Users/mac/IdeaProjects/Android/build/reports/tests/1692951430617.0.png\nPage source: file:/Users/mac/IdeaProjects/Android/build/reports/tests/1692951430617.0.html\nTimeout: 8 s.\nCaused by: UnsupportedCommandException: 'readonly' attribute is unknown for the element. Only the following attributes are supported: [checkable, checked, {class,className}, clickable, {content-desc,contentDescription}, enabled, focusable, focused, {long-clickable,longClickable}, package, password, {resource-id,resourceId}, scrollable, selection-start, selection-end, selected, {text,name}, hint, extras, bounds, displayed, contentSize]\n\tat com.codeborne.selenide.impl.WebElementSource.handleError(WebElementSource.java:149)\n\tat com.codeborne.selenide.impl.WebElementSource.checkConditionAndReturnElement(WebElementSource.java:127)\n\tat com.codeborne.selenide.impl.WebElementSource.findAndAssertElementIsEditable(WebElementSource.java:184)\n\tat com.codeborne.selenide.commands.SetValue.setValueForTextInput(SetValue.java:58)\n\tat com.codeborne.selenide.commands.SetValue.execute(SetValue.java:43)\n\tat com.codeborne.selenide.commands.SetValue.execute(SetValue.java:25)\n\tat com.codeborne.selenide.commands.Commands.execute(Commands.java:162)\n\tat com.codeborne.selenide.impl.SelenideElementProxy.dispatchAndRetry(SelenideElementProxy.java:132)\n\tat com.codeborne.selenide.impl.SelenideElementProxy.invoke(SelenideElementProxy.java:84)\n\tat com.sun.proxy.$Proxy19.setValue(Unknown Source)\n\tat tests.LoginTests.successLogin(LoginTests.java:27)\n\tat java.base/jdk.internal.reflect.NativeMethodAccessorImpl.invoke0(Native Method)\n\tat java.base/jdk.internal.reflect.NativeMethodAccessorImpl.invoke(NativeMethodAccessorImpl.java:62)\n\tat java.base/jdk.internal.reflect.DelegatingMethodAccessorImpl.invoke(DelegatingMethodAccessorImpl.java:43)\n\tat java.base/java.lang.reflect.Method.invoke(Method.java:566)\n\tat org.testng.internal.invokers.MethodInvocationHelper.invokeMethod(MethodInvocationHelper.java:139)\n\tat org.testng.internal.invokers.TestInvoker.invokeMethod(TestInvoker.java:677)\n\tat org.testng.internal.invokers.TestInvoker.invokeTestMethod(TestInvoker.java:221)\n\tat org.testng.internal.invokers.MethodRunner.runInSequence(MethodRunner.java:50)\n\tat org.testng.internal.invokers.TestInvoker$MethodInvocationAgent.invoke(TestInvoker.java:969)\n\tat org.testng.internal.invokers.TestInvoker.invokeTestMethods(TestInvoker.java:194)\n\tat org.testng.internal.invokers.TestMethodWorker.invokeTestMethods(TestMethodWorker.java:148)\n\tat org.testng.internal.invokers.TestMethodWorker.run(TestMethodWorker.java:128)\n\tat java.base/java.util.ArrayList.forEach(ArrayList.java:1541)\n\tat org.testng.TestRunner.privateRun(TestRunner.java:829)\n\tat org.testng.TestRunner.run(TestRunner.java:602)\n\tat org.testng.SuiteRunner.runTest(SuiteRunner.java:437)\n\tat org.testng.SuiteRunner.runSequentially(SuiteRunner.java:431)\n\tat org.testng.SuiteRunner.privateRun(SuiteRunner.java:391)\n\tat org.testng.SuiteRunner.run(SuiteRunner.java:330)\n\tat org.testng.SuiteRunnerWorker.runSuite(SuiteRunnerWorker.java:52)\n\tat org.testng.SuiteRunnerWorker.run(SuiteRunnerWorker.java:95)\n\tat org.testng.TestNG.runSuitesSequentially(TestNG.java:1256)\n\tat org.testng.TestNG.runSuitesLocally(TestNG.java:1176)\n\tat org.testng.TestNG.runSuites(TestNG.java:1099)\n\tat org.testng.TestNG.run(TestNG.java:1067)\n\tat org.gradle.api.internal.tasks.testing.testng.TestNGTestClassProcessor.runTests(TestNGTestClassProcessor.java:141)\n\tat org.gradle.api.internal.tasks.testing.testng.TestNGTestClassProcessor.stop(TestNGTestClassProcessor.java:90)\n\tat org.gradle.api.internal.tasks.testing.SuiteTestClassProcessor.stop(SuiteTestClassProcessor.java:61)\n\tat java.base/jdk.internal.reflect.NativeMethodAccessorImpl.invoke0(Native Method)\n\tat java.base/jdk.internal.reflect.NativeMethodAccessorImpl.invoke(NativeMethodAccessorImpl.java:62)\n\tat java.base/jdk.internal.reflect.DelegatingMethodAccessorImpl.invoke(DelegatingMethodAccessorImpl.java:43)\n\tat java.base/java.lang.reflect.Method.invoke(Method.java:566)\n\tat org.gradle.internal.dispatch.ReflectionDispatch.dispatch(ReflectionDispatch.java:36)\n\tat org.gradle.internal.dispatch.ReflectionDispatch.dispatch(ReflectionDispatch.java:24)\n\tat org.gradle.internal.dispatch.ContextClassLoaderDispatch.dispatch(ContextClassLoaderDispatch.java:33)\n\tat org.gradle.internal.dispatch.ProxyDispatchAdapter$DispatchingInvocationHandler.invoke(ProxyDispatchAdapter.java:94)\n\tat com.sun.proxy.$Proxy2.stop(Unknown Source)\n\tat org.gradle.api.internal.tasks.testing.worker.TestWorker$3.run(TestWorker.java:193)\n\tat org.gradle.api.internal.tasks.testing.worker.TestWorker.executeAndMaintainThreadName(TestWorker.java:129)\n\tat org.gradle.api.internal.tasks.testing.worker.TestWorker.execute(TestWorker.java:100)\n\tat org.gradle.api.internal.tasks.testing.worker.TestWorker.execute(TestWorker.java:60)\n\tat org.gradle.process.internal.worker.child.ActionExecutionWorker.execute(ActionExecutionWorker.java:56)\n\tat org.gradle.process.internal.worker.child.SystemApplicationClassLoaderWorker.call(SystemApplicationClassLoaderWorker.java:133)\n\tat org.gradle.process.internal.worker.child.SystemApplicationClassLoaderWorker.call(SystemApplicationClassLoaderWorker.java:71)\n\tat worker.org.gradle.process.internal.worker.GradleWorkerMain.run(GradleWorkerMain.java:69)\n\tat worker.org.gradle.process.internal.worker.GradleWorkerMain.main(GradleWorkerMain.java:74)\nCaused by: org.openqa.selenium.UnsupportedCommandException: 'readonly' attribute is unknown for the element. Only the following attributes are supported: [checkable, checked, {class,className}, clickable, {content-desc,contentDescription}, enabled, focusable, focused, {long-clickable,longClickable}, package, password, {resource-id,resourceId}, scrollable, selection-start, selection-end, selected, {text,name}, hint, extras, bounds, displayed, contentSize]\nBuild info: version: '4.9.1', revision: 'eb2032df7f'\nSystem info: os.name: 'Mac OS X', os.arch: 'x86_64', os.version: '13.4.1', java.version: '11.0.15'\nDriver info: io.appium.java_client.android.AndroidDriver\nCommand: [88d4ae96-728f-4854-87a5-cfd87628a0d4, getElementAttribute {id=00000000-0000-011f-0000-00060000001b, name=readonly}]\nCapabilities {appium:app: /Users/mac/IdeaProjects/And..., appium:appPackage: ua.easypay.clientandroid, appium:automationName: uiautomator2, appium:databaseEnabled: false, appium:desired: {app: /Users/mac/IdeaProjects/And..., automationName: uiautomator2, deviceName: Pixel 5 API 30, platformName: ANDROID}, appium:deviceApiLevel: 30, appium:deviceManufacturer: Google, appium:deviceModel: sdk_gphone_arm64, appium:deviceName: emulator-5554, appium:deviceScreenDensity: 440, appium:deviceScreenSize: 1080x2340, appium:deviceUDID: emulator-5554, appium:javascriptEnabled: true, appium:locationContextEnabled: false, appium:networkConnectionEnabled: true, appium:pixelRatio: 2.75, appium:platformVersion: 11, appium:statBarHeight: 66, appium:takesScreenshot: true, appium:viewportRect: {height: 2142, left: 0, top: 66, width: 1080}, appium:warnings: {}, appium:webStorageEnabled: false, platformName: ANDROID}\nElement: [[AndroidDriver:  on ANDROID (88d4ae96-728f-4854-87a5-cfd87628a0d4)] -> class name: android.widget.EditText]\nSession ID: 88d4ae96-728f-4854-87a5-cfd87628a0d4\n\tat jdk.internal.reflect.GeneratedConstructorAccessor7.newInstance(Unknown Source)\n\tat java.base/jdk.internal.reflect.DelegatingConstructorAccessorImpl.newInstance(DelegatingConstructorAccessorImpl.java:45)\n\tat java.base/java.lang.reflect.Constructor.newInstance(Constructor.java:490)\n\tat org.openqa.selenium.remote.codec.w3c.W3CHttpResponseCodec.createException(W3CHttpResponseCodec.java:200)\n\tat org.openqa.selenium.remote.codec.w3c.W3CHttpResponseCodec.decode(W3CHttpResponseCodec.java:133)\n\tat org.openqa.selenium.remote.codec.w3c.W3CHttpResponseCodec.decode(W3CHttpResponseCodec.java:53)\n\tat org.openqa.selenium.remote.HttpCommandExecutor.execute(HttpCommandExecutor.java:193)\n\tat io.appium.java_client.remote.AppiumCommandExecutor.execute(AppiumCommandExecutor.java:250)\n\tat org.openqa.selenium.remote.RemoteWebDriver.execute(RemoteWebDriver.java:543)\n\tat org.openqa.selenium.remote.RemoteWebElement.execute(RemoteWebElement.java:257)\n\tat org.openqa.selenium.remote.RemoteWebElement.getAttribute(RemoteWebElement.java:158)\n\tat com.codeborne.selenide.conditions.Attribute.check(Attribute.java:23)\n\tat com.codeborne.selenide.conditions.Not.check(Not.java:28)\n\tat com.codeborne.selenide.conditions.And.check(And.java:53)\n\tat com.codeborne.selenide.impl.WebElementSource.checkConditionAndReturnElement(WebElementSource.java:117)\n\t... 55 more\n"},"stage":"finished","steps":[{"name":"Click in the 'Input phone' field","status":"passed","stage":"finished","steps":[{"name":"$(\"AppiumBy.className: android.widget.EditText\") should be(visible)","status":"passed","stage":"finished","steps":[],"attachments":[],"parameters":[],"start":1692951420659,"stop":1692951422274},{"name":"$(\"AppiumBy.className: android.widget.EditText\") click()","status":"passed","stage":"finished","steps":[],"attachments":[],"parameters":[],"start":1692951422275,"stop":1692951422376}],"attachments":[],"parameters":[],"start":1692951420638,"stop":1692951422377},{"name":"$(\"AppiumBy.className: android.widget.EditText\") set value(999999999)","status":"failed","statusDetails":{"known":false,"muted":false,"flaky":false,"message":"Element should be editable {AppiumBy.className: android.widget.EditText}\nElement: '<null class=\"android.widget.EditText\" name></null>'\nScreenshot: file:/Users/mac/IdeaProjects/Android/build/reports/tests/1692951430617.0.png\nPage source: file:/Users/mac/IdeaProjects/Android/build/reports/tests/1692951430617.0.html\nTimeout: 8 s.\nCaused by: UnsupportedCommandException: 'readonly' attribute is unknown for the element. Only the following attributes are supported: [checkable, checked, {class,className}, clickable, {content-desc,contentDescription}, enabled, focusable, focused, {long-clickable,longClickable}, package, password, {resource-id,resourceId}, scrollable, selection-start, selection-end, selected, {text,name}, hint, extras, bounds, displayed, contentSize]","trace":"Element should be editable {AppiumBy.className: android.widget.EditText}\nElement: '<null class=\"android.widget.EditText\" name></null>'\nScreenshot: file:/Users/mac/IdeaProjects/Android/build/reports/tests/1692951430617.0.png\nPage source: file:/Users/mac/IdeaProjects/Android/build/reports/tests/1692951430617.0.html\nTimeout: 8 s.\nCaused by: UnsupportedCommandException: 'readonly' attribute is unknown for the element. Only the following attributes are supported: [checkable, checked, {class,className}, clickable, {content-desc,contentDescription}, enabled, focusable, focused, {long-clickable,longClickable}, package, password, {resource-id,resourceId}, scrollable, selection-start, selection-end, selected, {text,name}, hint, extras, bounds, displayed, contentSize]\n\tat com.codeborne.selenide.impl.WebElementSource.handleError(WebElementSource.java:149)\n\tat com.codeborne.selenide.impl.WebElementSource.checkConditionAndReturnElement(WebElementSource.java:127)\n\tat com.codeborne.selenide.impl.WebElementSource.findAndAssertElementIsEditable(WebElementSource.java:184)\n\tat com.codeborne.selenide.commands.SetValue.setValueForTextInput(SetValue.java:58)\n\tat com.codeborne.selenide.commands.SetValue.execute(SetValue.java:43)\n\tat com.codeborne.selenide.commands.SetValue.execute(SetValue.java:25)\n\tat com.codeborne.selenide.commands.Commands.execute(Commands.java:162)\n\tat com.codeborne.selenide.impl.SelenideElementProxy.dispatchAndRetry(SelenideElementProxy.java:132)\n\tat com.codeborne.selenide.impl.SelenideElementProxy.invoke(SelenideElementProxy.java:84)\n\tat com.sun.proxy.$Proxy19.setValue(Unknown Source)\n\tat tests.LoginTests.successLogin(LoginTests.java:27)\n\tat java.base/jdk.internal.reflect.NativeMethodAccessorImpl.invoke0(Native Method)\n\tat java.base/jdk.internal.reflect.NativeMethodAccessorImpl.invoke(NativeMethodAccessorImpl.java:62)\n\tat java.base/jdk.internal.reflect.DelegatingMethodAccessorImpl.invoke(DelegatingMethodAccessorImpl.java:43)\n\tat java.base/java.lang.reflect.Method.invoke(Method.java:566)\n\tat org.testng.internal.invokers.MethodInvocationHelper.invokeMethod(MethodInvocationHelper.java:139)\n\tat org.testng.internal.invokers.TestInvoker.invokeMethod(TestInvoker.java:677)\n\tat org.testng.internal.invokers.TestInvoker.invokeTestMethod(TestInvoker.java:221)\n\tat org.testng.internal.invokers.MethodRunner.runInSequence(MethodRunner.java:50)\n\tat org.testng.internal.invokers.TestInvoker$MethodInvocationAgent.invoke(TestInvoker.java:969)\n\tat org.testng.internal.invokers.TestInvoker.invokeTestMethods(TestInvoker.java:194)\n\tat org.testng.internal.invokers.TestMethodWorker.invokeTestMethods(TestMethodWorker.java:148)\n\tat org.testng.internal.invokers.TestMethodWorker.run(TestMethodWorker.java:128)\n\tat java.base/java.util.ArrayList.forEach(ArrayList.java:1541)\n\tat org.testng.TestRunner.privateRun(TestRunner.java:829)\n\tat org.testng.TestRunner.run(TestRunner.java:602)\n\tat org.testng.SuiteRunner.runTest(SuiteRunner.java:437)\n\tat org.testng.SuiteRunner.runSequentially(SuiteRunner.java:431)\n\tat org.testng.SuiteRunner.privateRun(SuiteRunner.java:391)\n\tat org.testng.SuiteRunner.run(SuiteRunner.java:330)\n\tat org.testng.SuiteRunnerWorker.runSuite(SuiteRunnerWorker.java:52)\n\tat org.testng.SuiteRunnerWorker.run(SuiteRunnerWorker.java:95)\n\tat org.testng.TestNG.runSuitesSequentially(TestNG.java:1256)\n\tat org.testng.TestNG.runSuitesLocally(TestNG.java:1176)\n\tat org.testng.TestNG.runSuites(TestNG.java:1099)\n\tat org.testng.TestNG.run(TestNG.java:1067)\n\tat org.gradle.api.internal.tasks.testing.testng.TestNGTestClassProcessor.runTests(TestNGTestClassProcessor.java:141)\n\tat org.gradle.api.internal.tasks.testing.testng.TestNGTestClassProcessor.stop(TestNGTestClassProcessor.java:90)\n\tat org.gradle.api.internal.tasks.testing.SuiteTestClassProcessor.stop(SuiteTestClassProcessor.java:61)\n\tat java.base/jdk.internal.reflect.NativeMethodAccessorImpl.invoke0(Native Method)\n\tat java.base/jdk.internal.reflect.NativeMethodAccessorImpl.invoke(NativeMethodAccessorImpl.java:62)\n\tat java.base/jdk.internal.reflect.DelegatingMethodAccessorImpl.invoke(DelegatingMethodAccessorImpl.java:43)\n\tat java.base/java.lang.reflect.Method.invoke(Method.java:566)\n\tat org.gradle.internal.dispatch.ReflectionDispatch.dispatch(ReflectionDispatch.java:36)\n\tat org.gradle.internal.dispatch.ReflectionDispatch.dispatch(ReflectionDispatch.java:24)\n\tat org.gradle.internal.dispatch.ContextClassLoaderDispatch.dispatch(ContextClassLoaderDispatch.java:33)\n\tat org.gradle.internal.dispatch.ProxyDispatchAdapter$DispatchingInvocationHandler.invoke(ProxyDispatchAdapter.java:94)\n\tat com.sun.proxy.$Proxy2.stop(Unknown Source)\n\tat org.gradle.api.internal.tasks.testing.worker.TestWorker$3.run(TestWorker.java:193)\n\tat org.gradle.api.internal.tasks.testing.worker.TestWorker.executeAndMaintainThreadName(TestWorker.java:129)\n\tat org.gradle.api.internal.tasks.testing.worker.TestWorker.execute(TestWorker.java:100)\n\tat org.gradle.api.internal.tasks.testing.worker.TestWorker.execute(TestWorker.java:60)\n\tat org.gradle.process.internal.worker.child.ActionExecutionWorker.execute(ActionExecutionWorker.java:56)\n\tat org.gradle.process.internal.worker.child.SystemApplicationClassLoaderWorker.call(SystemApplicationClassLoaderWorker.java:133)\n\tat org.gradle.process.internal.worker.child.SystemApplicationClassLoaderWorker.call(SystemApplicationClassLoaderWorker.java:71)\n\tat worker.org.gradle.process.internal.worker.GradleWorkerMain.run(GradleWorkerMain.java:69)\n\tat worker.org.gradle.process.internal.worker.GradleWorkerMain.main(GradleWorkerMain.java:74)\nCaused by: org.openqa.selenium.UnsupportedCommandException: 'readonly' attribute is unknown for the element. Only the following attributes are supported: [checkable, checked, {class,className}, clickable, {content-desc,contentDescription}, enabled, focusable, focused, {long-clickable,longClickable}, package, password, {resource-id,resourceId}, scrollable, selection-start, selection-end, selected, {text,name}, hint, extras, bounds, displayed, contentSize]\nBuild info: version: '4.9.1', revision: 'eb2032df7f'\nSystem info: os.name: 'Mac OS X', os.arch: 'x86_64', os.version: '13.4.1', java.version: '11.0.15'\nDriver info: io.appium.java_client.android.AndroidDriver\nCommand: [88d4ae96-728f-4854-87a5-cfd87628a0d4, getElementAttribute {id=00000000-0000-011f-0000-00060000001b, name=readonly}]\nCapabilities {appium:app: /Users/mac/IdeaProjects/And..., appium:appPackage: ua.easypay.clientandroid, appium:automationName: uiautomator2, appium:databaseEnabled: false, appium:desired: {app: /Users/mac/IdeaProjects/And..., automationName: uiautomator2, deviceName: Pixel 5 API 30, platformName: ANDROID}, appium:deviceApiLevel: 30, appium:deviceManufacturer: Google, appium:deviceModel: sdk_gphone_arm64, appium:deviceName: emulator-5554, appium:deviceScreenDensity: 440, appium:deviceScreenSize: 1080x2340, appium:deviceUDID: emulator-5554, appium:javascriptEnabled: true, appium:locationContextEnabled: false, appium:networkConnectionEnabled: true, appium:pixelRatio: 2.75, appium:platformVersion: 11, appium:statBarHeight: 66, appium:takesScreenshot: true, appium:viewportRect: {height: 2142, left: 0, top: 66, width: 1080}, appium:warnings: {}, appium:webStorageEnabled: false, platformName: ANDROID}\nElement: [[AndroidDriver:  on ANDROID (88d4ae96-728f-4854-87a5-cfd87628a0d4)] -> class name: android.widget.EditText]\nSession ID: 88d4ae96-728f-4854-87a5-cfd87628a0d4\n\tat jdk.internal.reflect.GeneratedConstructorAccessor7.newInstance(Unknown Source)\n\tat java.base/jdk.internal.reflect.DelegatingConstructorAccessorImpl.newInstance(DelegatingConstructorAccessorImpl.java:45)\n\tat java.base/java.lang.reflect.Constructor.newInstance(Constructor.java:490)\n\tat org.openqa.selenium.remote.codec.w3c.W3CHttpResponseCodec.createException(W3CHttpResponseCodec.java:200)\n\tat org.openqa.selenium.remote.codec.w3c.W3CHttpResponseCodec.decode(W3CHttpResponseCodec.java:133)\n\tat org.openqa.selenium.remote.codec.w3c.W3CHttpResponseCodec.decode(W3CHttpResponseCodec.java:53)\n\tat org.openqa.selenium.remote.HttpCommandExecutor.execute(HttpCommandExecutor.java:193)\n\tat io.appium.java_client.remote.AppiumCommandExecutor.execute(AppiumCommandExecutor.java:250)\n\tat org.openqa.selenium.remote.RemoteWebDriver.execute(RemoteWebDriver.java:543)\n\tat org.openqa.selenium.remote.RemoteWebElement.execute(RemoteWebElement.java:257)\n\tat org.openqa.selenium.remote.RemoteWebElement.getAttribute(RemoteWebElement.java:158)\n\tat com.codeborne.selenide.conditions.Attribute.check(Attribute.java:23)\n\tat com.codeborne.selenide.conditions.Not.check(Not.java:28)\n\tat com.codeborne.selenide.conditions.And.check(And.java:53)\n\tat com.codeborne.selenide.impl.WebElementSource.checkConditionAndReturnElement(WebElementSource.java:117)\n\t... 55 more\n"},"stage":"finished","steps":[],"attachments":[{"name":"Screenshot","source":"b7a954b3-e540-40a8-9491-d0ee54163f03-attachment.png","type":"image/png"}],"parameters":[],"start":1692951422377,"stop":1692951431141}],"attachments":[],"parameters":[],"start":1692951420100,"stop":1692951431167}